# JRE version: Java(TM) SE Runtime Environment (8.0_111-b14) (build 1.8.0_111-b14)
# Java VM: Java HotSpot(TM) 64-Bit Server VM (25.111-b14 mixed mode windows-amd64 compressed oops)
Heap:
 PSYoungGen      total 76288K, used 32815K [0x000000076af80000, 0x0000000774480000, 0x00000007c0000000)
  eden space 65536K, 33% used [0x000000076af80000,0x000000076c5110a8,0x000000076ef80000)
  from space 10752K, 99% used [0x000000076ef80000,0x000000076f9fad80,0x000000076fa00000)
  to   space 10752K, 0% used [0x0000000773a00000,0x0000000773a00000,0x0000000774480000)
 ParOldGen       total 175104K, used 84364K [0x00000006c0e00000, 0x00000006cb900000, 0x000000076af80000)
  object space 175104K, 48% used [0x00000006c0e00000,0x00000006c60630b8,0x00000006cb900000)
 Metaspace       used 19283K, capacity 19605K, committed 20096K, reserved 1067008K
  class space    used 2244K, capacity 2336K, committed 2432K, reserved 1048576K
GC Heap History (6 events):
Event: 3.108 GC heap before
{Heap before GC invocations=1 (full 0):
 PSYoungGen      total 76288K, used 65536K [0x000000076af80000, 0x0000000770480000, 0x00000007c0000000)
  eden space 65536K, 100% used [0x000000076af80000,0x000000076ef80000,0x000000076ef80000)
  from space 10752K, 0% used [0x000000076fa00000,0x000000076fa00000,0x0000000770480000)
  to   space 10752K, 0% used [0x000000076ef80000,0x000000076ef80000,0x000000076fa00000)
 ParOldGen       total 175104K, used 73728K [0x00000006c0e00000, 0x00000006cb900000, 0x000000076af80000)
  object space 175104K, 42% used [0x00000006c0e00000,0x00000006c5600010,0x00000006cb900000)
 Metaspace       used 19035K, capacity 19317K, committed 19712K, reserved 1067008K
  class space    used 2230K, capacity 2304K, committed 2304K, reserved 1048576K
Event: 3.115 GC heap after
Heap after GC invocations=1 (full 0):
 PSYoungGen      total 76288K, used 10721K [0x000000076af80000, 0x0000000770480000, 0x00000007c0000000)
  eden space 65536K, 0% used [0x000000076af80000,0x000000076af80000,0x000000076ef80000)
  from space 10752K, 99% used [0x000000076ef80000,0x000000076f9f85d0,0x000000076fa00000)
  to   space 10752K, 0% used [0x000000076fa00000,0x000000076fa00000,0x0000000770480000)
 ParOldGen       total 175104K, used 73833K [0x00000006c0e00000, 0x00000006cb900000, 0x000000076af80000)
  object space 175104K, 42% used [0x00000006c0e00000,0x00000006c561a510,0x00000006cb900000)
 Metaspace       used 19035K, capacity 19317K, committed 19712K, reserved 1067008K
  class space    used 2230K, capacity 2304K, committed 2304K, reserved 1048576K
}
Event: 3.388 GC heap before
{Heap before GC invocations=2 (full 0):
 PSYoungGen      total 76288K, used 76257K [0x000000076af80000, 0x0000000770480000, 0x00000007c0000000)
  eden space 65536K, 100% used [0x000000076af80000,0x000000076ef80000,0x000000076ef80000)
  from space 10752K, 99% used [0x000000076ef80000,0x000000076f9f85d0,0x000000076fa00000)
  to   space 10752K, 0% used [0x000000076fa00000,0x000000076fa00000,0x0000000770480000)
 ParOldGen       total 175104K, used 73833K [0x00000006c0e00000, 0x00000006cb900000, 0x000000076af80000)
  object space 175104K, 42% used [0x00000006c0e00000,0x00000006c561a510,0x00000006cb900000)
 Metaspace       used 19154K, capacity 19381K, committed 19712K, reserved 1067008K
  class space    used 2234K, capacity 2304K, committed 2304K, reserved 1048576K
Event: 3.393 GC heap after
Heap after GC invocations=2 (full 0):
 PSYoungGen      total 76288K, used 10741K [0x000000076af80000, 0x0000000770480000, 0x00000007c0000000)
  eden space 65536K, 0% used [0x000000076af80000,0x000000076af80000,0x000000076ef80000)
  from space 10752K, 99% used [0x000000076fa00000,0x000000077047d728,0x0000000770480000)
  to   space 10752K, 0% used [0x000000076ef80000,0x000000076ef80000,0x000000076fa00000)
 ParOldGen       total 175104K, used 75972K [0x00000006c0e00000, 0x00000006cb900000, 0x000000076af80000)
  object space 175104K, 43% used [0x00000006c0e00000,0x00000006c58310d8,0x00000006cb900000)
 Metaspace       used 19154K, capacity 19381K, committed 19712K, reserved 1067008K
  class space    used 2234K, capacity 2304K, committed 2304K, reserved 1048576K
}
Event: 3.586 GC heap before
{Heap before GC invocations=3 (full 0):
 PSYoungGen      total 76288K, used 76277K [0x000000076af80000, 0x0000000770480000, 0x00000007c0000000)
  eden space 65536K, 100% used [0x000000076af80000,0x000000076ef80000,0x000000076ef80000)
  from space 10752K, 99% used [0x000000076fa00000,0x000000077047d728,0x0000000770480000)
  to   space 10752K, 0% used [0x000000076ef80000,0x000000076ef80000,0x000000076fa00000)
 ParOldGen       total 175104K, used 75972K [0x00000006c0e00000, 0x00000006cb900000, 0x000000076af80000)
  object space 175104K, 43% used [0x00000006c0e00000,0x00000006c58310d8,0x00000006cb900000)
 Metaspace       used 19166K, capacity 19445K, committed 19712K, reserved 1067008K
  class space    used 2234K, capacity 2304K, committed 2304K, reserved 1048576K
Event: 3.591 GC heap after
Heap after GC invocations=3 (full 0):
 PSYoungGen      total 76288K, used 10731K [0x000000076af80000, 0x0000000774480000, 0x00000007c0000000)
  eden space 65536K, 0% used [0x000000076af80000,0x000000076af80000,0x000000076ef80000)
  from space 10752K, 99% used [0x000000076ef80000,0x000000076f9fad80,0x000000076fa00000)
  to   space 10752K, 0% used [0x0000000773a00000,0x0000000773a00000,0x0000000774480000)
 ParOldGen       total 175104K, used 84364K [0x00000006c0e00000, 0x00000006cb900000, 0x000000076af80000)
  object space 175104K, 48% used [0x00000006c0e00000,0x00000006c60630b8,0x00000006cb900000)
 Metaspace       used 19166K, capacity 19445K, committed 19712K, reserved 1067008K
  class space    used 2234K, capacity 2304K, committed 2304K, reserved 1048576K
}

