# JRE version: Java(TM) SE Runtime Environment (8.0_111-b14) (build 1.8.0_111-b14)
# Java VM: Java HotSpot(TM) 64-Bit Server VM (25.111-b14 mixed mode windows-amd64 compressed oops)
Heap:
 PSYoungGen      total 698368K, used 10697K [0x000000076af80000, 0x00000007b8580000, 0x00000007c0000000)
  eden space 326656K, 3% used [0x000000076af80000,0x000000076b9f2578,0x000000077ee80000)
  from space 371712K, 0% used [0x000000077ee80000,0x000000077ee80000,0x0000000795980000)
  to   space 429056K, 0% used [0x000000079e280000,0x000000079e280000,0x00000007b8580000)
 ParOldGen       total 331264K, used 16543K [0x00000006c0e00000, 0x00000006d5180000, 0x000000076af80000)
  object space 331264K, 4% used [0x00000006c0e00000,0x00000006c1e27e80,0x00000006d5180000)
 Metaspace       used 20805K, capacity 21151K, committed 21376K, reserved 1069056K
  class space    used 2284K, capacity 2375K, committed 2432K, reserved 1048576K
GC Heap History (10 events):
Event: 7.685 GC heap before
{Heap before GC invocations=9 (full 2):
 PSYoungGen      total 344576K, used 344576K [0x000000076af80000, 0x000000078cd00000, 0x00000007c0000000)
  eden space 218624K, 100% used [0x000000076af80000,0x0000000778500000,0x0000000778500000)
  from space 125952K, 100% used [0x0000000782100000,0x0000000789c00000,0x0000000789c00000)
  to   space 159744K, 0% used [0x0000000778500000,0x0000000778500000,0x0000000782100000)
 ParOldGen       total 443904K, used 217417K [0x00000006c0e00000, 0x00000006dbf80000, 0x000000076af80000)
  object space 443904K, 48% used [0x00000006c0e00000,0x00000006ce252610,0x00000006dbf80000)
 Metaspace       used 19721K, capacity 20025K, committed 20352K, reserved 1067008K
  class space    used 2250K, capacity 2342K, committed 2432K, reserved 1048576K
Event: 7.808 GC heap after
Heap after GC invocations=9 (full 2):
 PSYoungGen      total 378368K, used 159744K [0x000000076af80000, 0x00000007a7c00000, 0x00000007c0000000)
  eden space 218624K, 0% used [0x000000076af80000,0x000000076af80000,0x0000000778500000)
  from space 159744K, 100% used [0x0000000778500000,0x0000000782100000,0x0000000782100000)
  to   space 289792K, 0% used [0x0000000796100000,0x0000000796100000,0x00000007a7c00000)
 ParOldGen       total 443904K, used 403025K [0x00000006c0e00000, 0x00000006dbf80000, 0x000000076af80000)
  object space 443904K, 90% used [0x00000006c0e00000,0x00000006d9794610,0x00000006dbf80000)
 Metaspace       used 19721K, capacity 20025K, committed 20352K, reserved 1067008K
  class space    used 2250K, capacity 2342K, committed 2432K, reserved 1048576K
}
Event: 7.808 GC heap before
{Heap before GC invocations=10 (full 3):
 PSYoungGen      total 378368K, used 159744K [0x000000076af80000, 0x00000007a7c00000, 0x00000007c0000000)
  eden space 218624K, 0% used [0x000000076af80000,0x000000076af80000,0x0000000778500000)
  from space 159744K, 100% used [0x0000000778500000,0x0000000782100000,0x0000000782100000)
  to   space 289792K, 0% used [0x0000000796100000,0x0000000796100000,0x00000007a7c00000)
 ParOldGen       total 443904K, used 403025K [0x00000006c0e00000, 0x00000006dbf80000, 0x000000076af80000)
  object space 443904K, 90% used [0x00000006c0e00000,0x00000006d9794610,0x00000006dbf80000)
 Metaspace       used 19721K, capacity 20025K, committed 20352K, reserved 1067008K
  class space    used 2250K, capacity 2342K, committed 2432K, reserved 1048576K
Event: 8.776 GC heap after
Heap after GC invocations=10 (full 3):
 PSYoungGen      total 378368K, used 118156K [0x000000076af80000, 0x00000007a7c00000, 0x00000007c0000000)
  eden space 218624K, 0% used [0x000000076af80000,0x000000076af80000,0x0000000778500000)
  from space 159744K, 73% used [0x0000000778500000,0x000000077f863200,0x0000000782100000)
  to   space 289792K, 0% used [0x0000000796100000,0x0000000796100000,0x00000007a7c00000)
 ParOldGen       total 748032K, used 443687K [0x00000006c0e00000, 0x00000006ee880000, 0x000000076af80000)
  object space 748032K, 59% used [0x00000006c0e00000,0x00000006dbf49c68,0x00000006ee880000)
 Metaspace       used 19721K, capacity 20025K, committed 20352K, reserved 1067008K
  class space    used 2250K, capacity 2342K, committed 2432K, reserved 1048576K
}
Event: 8.803 GC heap before
{Heap before GC invocations=11 (full 3):
 PSYoungGen      total 378368K, used 336780K [0x000000076af80000, 0x00000007a7c00000, 0x00000007c0000000)
  eden space 218624K, 100% used [0x000000076af80000,0x0000000778500000,0x0000000778500000)
  from space 159744K, 73% used [0x0000000778500000,0x000000077f863200,0x0000000782100000)
  to   space 289792K, 0% used [0x0000000796100000,0x0000000796100000,0x00000007a7c00000)
 ParOldGen       total 748032K, used 443687K [0x00000006c0e00000, 0x00000006ee880000, 0x000000076af80000)
  object space 748032K, 59% used [0x00000006c0e00000,0x00000006dbf49c68,0x00000006ee880000)
 Metaspace       used 19721K, capacity 20025K, committed 20352K, reserved 1067008K
  class space    used 2250K, capacity 2342K, committed 2432K, reserved 1048576K
Event: 8.936 GC heap after
Heap after GC invocations=11 (full 3):
 PSYoungGen      total 616448K, used 289792K [0x000000076af80000, 0x00000007ac480000, 0x00000007c0000000)
  eden space 326656K, 0% used [0x000000076af80000,0x000000076af80000,0x000000077ee80000)
  from space 289792K, 100% used [0x0000000796100000,0x00000007a7c00000,0x00000007a7c00000)
  to   space 371712K, 0% used [0x000000077ee80000,0x000000077ee80000,0x0000000795980000)
 ParOldGen       total 748032K, used 491151K [0x00000006c0e00000, 0x00000006ee880000, 0x000000076af80000)
  object space 748032K, 65% used [0x00000006c0e00000,0x00000006deda3c68,0x00000006ee880000)
 Metaspace       used 19721K, capacity 20025K, committed 20352K, reserved 1067008K
  class space    used 2250K, capacity 2342K, committed 2432K, reserved 1048576K
}
Event: 88.031 GC heap before
{Heap before GC invocations=12 (full 3):
 PSYoungGen      total 616448K, used 616448K [0x000000076af80000, 0x00000007ac480000, 0x00000007c0000000)
  eden space 326656K, 100% used [0x000000076af80000,0x000000077ee80000,0x000000077ee80000)
  from space 289792K, 100% used [0x0000000796100000,0x00000007a7c00000,0x00000007a7c00000)
  to   space 371712K, 0% used [0x000000077ee80000,0x000000077ee80000,0x0000000795980000)
 ParOldGen       total 748032K, used 491151K [0x00000006c0e00000, 0x00000006ee880000, 0x000000076af80000)
  object space 748032K, 65% used [0x00000006c0e00000,0x00000006deda3c68,0x00000006ee880000)
 Metaspace       used 20791K, capacity 21151K, committed 21376K, reserved 1069056K
  class space    used 2282K, capacity 2375K, committed 2432K, reserved 1048576K
Event: 88.170 GC heap after
Heap after GC invocations=12 (full 3):
 PSYoungGen      total 698368K, used 335758K [0x000000076af80000, 0x00000007b8580000, 0x00000007c0000000)
  eden space 326656K, 0% used [0x000000076af80000,0x000000076af80000,0x000000077ee80000)
  from space 371712K, 90% used [0x000000077ee80000,0x0000000793663810,0x0000000795980000)
  to   space 429056K, 0% used [0x000000079e280000,0x000000079e280000,0x00000007b8580000)
 ParOldGen       total 748032K, used 568599K [0x00000006c0e00000, 0x00000006ee880000, 0x000000076af80000)
  object space 748032K, 76% used [0x00000006c0e00000,0x00000006e3945c68,0x00000006ee880000)
 Metaspace       used 20791K, capacity 21151K, committed 21376K, reserved 1069056K
  class space    used 2282K, capacity 2375K, committed 2432K, reserved 1048576K
}
Event: 88.170 GC heap before
{Heap before GC invocations=13 (full 4):
 PSYoungGen      total 698368K, used 335758K [0x000000076af80000, 0x00000007b8580000, 0x00000007c0000000)
  eden space 326656K, 0% used [0x000000076af80000,0x000000076af80000,0x000000077ee80000)
  from space 371712K, 90% used [0x000000077ee80000,0x0000000793663810,0x0000000795980000)
  to   space 429056K, 0% used [0x000000079e280000,0x000000079e280000,0x00000007b8580000)
 ParOldGen       total 748032K, used 568599K [0x00000006c0e00000, 0x00000006ee880000, 0x000000076af80000)
  object space 748032K, 76% used [0x00000006c0e00000,0x00000006e3945c68,0x00000006ee880000)
 Metaspace       used 20791K, capacity 21151K, committed 21376K, reserved 1069056K
  class space    used 2282K, capacity 2375K, committed 2432K, reserved 1048576K
Event: 88.228 GC heap after
Heap after GC invocations=13 (full 4):
 PSYoungGen      total 698368K, used 0K [0x000000076af80000, 0x00000007b8580000, 0x00000007c0000000)
  eden space 326656K, 0% used [0x000000076af80000,0x000000076af80000,0x000000077ee80000)
  from space 371712K, 0% used [0x000000077ee80000,0x000000077ee80000,0x0000000795980000)
  to   space 429056K, 0% used [0x000000079e280000,0x000000079e280000,0x00000007b8580000)
 ParOldGen       total 331264K, used 16543K [0x00000006c0e00000, 0x00000006d5180000, 0x000000076af80000)
  object space 331264K, 4% used [0x00000006c0e00000,0x00000006c1e27e80,0x00000006d5180000)
 Metaspace       used 20791K, capacity 21151K, committed 21376K, reserved 1069056K
  class space    used 2282K, capacity 2375K, committed 2432K, reserved 1048576K
}

