# JRE version: Java(TM) SE Runtime Environment (8.0_111-b14) (build 1.8.0_111-b14)
# Java VM: Java HotSpot(TM) 64-Bit Server VM (25.111-b14 mixed mode windows-amd64 compressed oops)
Heap:
 PSYoungGen      total 593408K, used 8992K [0x000000076af80000, 0x00000007a8b00000, 0x00000007c0000000)
  eden space 220672K, 4% used [0x000000076af80000,0x000000076b8480f0,0x0000000778700000)
  from space 372736K, 0% used [0x0000000791f00000,0x0000000791f00000,0x00000007a8b00000)
  to   space 395264K, 0% used [0x0000000778700000,0x0000000778700000,0x0000000790900000)
 ParOldGen       total 414720K, used 16014K [0x00000006c0e00000, 0x00000006da300000, 0x000000076af80000)
  object space 414720K, 3% used [0x00000006c0e00000,0x00000006c1da3980,0x00000006da300000)
 Metaspace       used 20408K, capacity 20689K, committed 21120K, reserved 1069056K
  class space    used 2288K, capacity 2372K, committed 2432K, reserved 1048576K
GC Heap History (10 events):
Event: 7.772 GC heap before
{Heap before GC invocations=12 (full 3):
 PSYoungGen      total 383488K, used 216576K [0x000000076af80000, 0x000000079dd00000, 0x00000007c0000000)
  eden space 166912K, 0% used [0x000000076af80000,0x000000076af80000,0x0000000775280000)
  from space 216576K, 100% used [0x0000000775280000,0x0000000782600000,0x0000000782600000)
  to   space 305152K, 0% used [0x000000078b300000,0x000000078b300000,0x000000079dd00000)
 ParOldGen       total 482304K, used 415903K [0x00000006c0e00000, 0x00000006de500000, 0x000000076af80000)
  object space 482304K, 86% used [0x00000006c0e00000,0x00000006da427f60,0x00000006de500000)
 Metaspace       used 19342K, capacity 19691K, committed 20096K, reserved 1067008K
  class space    used 2255K, capacity 2339K, committed 2432K, reserved 1048576K
Event: 8.329 GC heap after
Heap after GC invocations=12 (full 3):
 PSYoungGen      total 383488K, used 149358K [0x000000076af80000, 0x000000079dd00000, 0x00000007c0000000)
  eden space 166912K, 0% used [0x000000076af80000,0x000000076af80000,0x0000000775280000)
  from space 216576K, 68% used [0x0000000775280000,0x000000077e45b800,0x0000000782600000)
  to   space 305152K, 0% used [0x000000078b300000,0x000000078b300000,0x000000079dd00000)
 ParOldGen       total 757248K, used 482272K [0x00000006c0e00000, 0x00000006ef180000, 0x000000076af80000)
  object space 757248K, 63% used [0x00000006c0e00000,0x00000006de4f81d0,0x00000006ef180000)
 Metaspace       used 19342K, capacity 19691K, committed 20096K, reserved 1067008K
  class space    used 2255K, capacity 2339K, committed 2432K, reserved 1048576K
}
Event: 8.349 GC heap before
{Heap before GC invocations=13 (full 3):
 PSYoungGen      total 383488K, used 316270K [0x000000076af80000, 0x000000079dd00000, 0x00000007c0000000)
  eden space 166912K, 100% used [0x000000076af80000,0x0000000775280000,0x0000000775280000)
  from space 216576K, 68% used [0x0000000775280000,0x000000077e45b800,0x0000000782600000)
  to   space 305152K, 0% used [0x000000078b300000,0x000000078b300000,0x000000079dd00000)
 ParOldGen       total 757248K, used 482272K [0x00000006c0e00000, 0x00000006ef180000, 0x000000076af80000)
  object space 757248K, 63% used [0x00000006c0e00000,0x00000006de4f81d0,0x00000006ef180000)
 Metaspace       used 19342K, capacity 19691K, committed 20096K, reserved 1067008K
  class space    used 2255K, capacity 2339K, committed 2432K, reserved 1048576K
Event: 8.466 GC heap after
Heap after GC invocations=13 (full 3):
 PSYoungGen      total 490496K, used 261536K [0x000000076af80000, 0x00000007a1b80000, 0x00000007c0000000)
  eden space 185344K, 0% used [0x000000076af80000,0x000000076af80000,0x0000000776480000)
  from space 305152K, 85% used [0x000000078b300000,0x000000079b268000,0x000000079dd00000)
  to   space 342528K, 0% used [0x0000000776480000,0x0000000776480000,0x000000078b300000)
 ParOldGen       total 757248K, used 537600K [0x00000006c0e00000, 0x00000006ef180000, 0x000000076af80000)
  object space 757248K, 70% used [0x00000006c0e00000,0x00000006e1b001d0,0x00000006ef180000)
 Metaspace       used 19342K, capacity 19691K, committed 20096K, reserved 1067008K
  class space    used 2255K, capacity 2339K, committed 2432K, reserved 1048576K
}
Event: 40.209 GC heap before
{Heap before GC invocations=14 (full 3):
 PSYoungGen      total 490496K, used 446880K [0x000000076af80000, 0x00000007a1b80000, 0x00000007c0000000)
  eden space 185344K, 100% used [0x000000076af80000,0x0000000776480000,0x0000000776480000)
  from space 305152K, 85% used [0x000000078b300000,0x000000079b268000,0x000000079dd00000)
  to   space 342528K, 0% used [0x0000000776480000,0x0000000776480000,0x000000078b300000)
 ParOldGen       total 757248K, used 537600K [0x00000006c0e00000, 0x00000006ef180000, 0x000000076af80000)
  object space 757248K, 70% used [0x00000006c0e00000,0x00000006e1b001d0,0x00000006ef180000)
 Metaspace       used 20380K, capacity 20689K, committed 21120K, reserved 1069056K
  class space    used 2286K, capacity 2372K, committed 2432K, reserved 1048576K
Event: 40.314 GC heap after
Heap after GC invocations=14 (full 3):
 PSYoungGen      total 527872K, used 342500K [0x000000076af80000, 0x00000007ab000000, 0x00000007c0000000)
  eden space 185344K, 0% used [0x000000076af80000,0x000000076af80000,0x0000000776480000)
  from space 342528K, 99% used [0x0000000776480000,0x000000078b2f9200,0x000000078b300000)
  to   space 410624K, 0% used [0x0000000791f00000,0x0000000791f00000,0x00000007ab000000)
 ParOldGen       total 757248K, used 561623K [0x00000006c0e00000, 0x00000006ef180000, 0x000000076af80000)
  object space 757248K, 74% used [0x00000006c0e00000,0x00000006e3275e48,0x00000006ef180000)
 Metaspace       used 20380K, capacity 20689K, committed 21120K, reserved 1069056K
  class space    used 2286K, capacity 2372K, committed 2432K, reserved 1048576K
}
Event: 117.100 GC heap before
{Heap before GC invocations=15 (full 3):
 PSYoungGen      total 527872K, used 527844K [0x000000076af80000, 0x00000007ab000000, 0x00000007c0000000)
  eden space 185344K, 100% used [0x000000076af80000,0x0000000776480000,0x0000000776480000)
  from space 342528K, 99% used [0x0000000776480000,0x000000078b2f9200,0x000000078b300000)
  to   space 410624K, 0% used [0x0000000791f00000,0x0000000791f00000,0x00000007ab000000)
 ParOldGen       total 757248K, used 561623K [0x00000006c0e00000, 0x00000006ef180000, 0x000000076af80000)
  object space 757248K, 74% used [0x00000006c0e00000,0x00000006e3275e48,0x00000006ef180000)
 Metaspace       used 20401K, capacity 20689K, committed 21120K, reserved 1069056K
  class space    used 2288K, capacity 2372K, committed 2432K, reserved 1048576K
Event: 117.234 GC heap after
Heap after GC invocations=15 (full 3):
 PSYoungGen      total 593408K, used 80932K [0x000000076af80000, 0x00000007a8b00000, 0x00000007c0000000)
  eden space 220672K, 0% used [0x000000076af80000,0x000000076af80000,0x0000000778700000)
  from space 372736K, 21% used [0x0000000791f00000,0x0000000796e09200,0x00000007a8b00000)
  to   space 395264K, 0% used [0x0000000778700000,0x0000000778700000,0x0000000790900000)
 ParOldGen       total 824320K, used 823839K [0x00000006c0e00000, 0x00000006f3300000, 0x000000076af80000)
  object space 824320K, 99% used [0x00000006c0e00000,0x00000006f3287e48,0x00000006f3300000)
 Metaspace       used 20401K, capacity 20689K, committed 21120K, reserved 1069056K
  class space    used 2288K, capacity 2372K, committed 2432K, reserved 1048576K
}
Event: 117.234 GC heap before
{Heap before GC invocations=16 (full 4):
 PSYoungGen      total 593408K, used 80932K [0x000000076af80000, 0x00000007a8b00000, 0x00000007c0000000)
  eden space 220672K, 0% used [0x000000076af80000,0x000000076af80000,0x0000000778700000)
  from space 372736K, 21% used [0x0000000791f00000,0x0000000796e09200,0x00000007a8b00000)
  to   space 395264K, 0% used [0x0000000778700000,0x0000000778700000,0x0000000790900000)
 ParOldGen       total 824320K, used 823839K [0x00000006c0e00000, 0x00000006f3300000, 0x000000076af80000)
  object space 824320K, 99% used [0x00000006c0e00000,0x00000006f3287e48,0x00000006f3300000)
 Metaspace       used 20401K, capacity 20689K, committed 21120K, reserved 1069056K
  class space    used 2288K, capacity 2372K, committed 2432K, reserved 1048576K
Event: 117.296 GC heap after
Heap after GC invocations=16 (full 4):
 PSYoungGen      total 593408K, used 0K [0x000000076af80000, 0x00000007a8b00000, 0x00000007c0000000)
  eden space 220672K, 0% used [0x000000076af80000,0x000000076af80000,0x0000000778700000)
  from space 372736K, 0% used [0x0000000791f00000,0x0000000791f00000,0x00000007a8b00000)
  to   space 395264K, 0% used [0x0000000778700000,0x0000000778700000,0x0000000790900000)
 ParOldGen       total 414720K, used 16014K [0x00000006c0e00000, 0x00000006da300000, 0x000000076af80000)
  object space 414720K, 3% used [0x00000006c0e00000,0x00000006c1da3980,0x00000006da300000)
 Metaspace       used 20401K, capacity 20689K, committed 21120K, reserved 1069056K
  class space    used 2288K, capacity 2372K, committed 2432K, reserved 1048576K
}

