# JRE version: Java(TM) SE Runtime Environment (8.0_111-b14) (build 1.8.0_111-b14)
# Java VM: Java HotSpot(TM) 64-Bit Server VM (25.111-b14 mixed mode windows-amd64 compressed oops)
Heap:
 PSYoungGen      total 536576K, used 19325K [0x000000076af80000, 0x00000007a4500000, 0x00000007c0000000)
  eden space 469504K, 4% used [0x000000076af80000,0x000000076c25f668,0x0000000787a00000)
  from space 67072K, 0% used [0x0000000787a00000,0x0000000787a00000,0x000000078bb80000)
  to   space 192512K, 0% used [0x0000000798900000,0x0000000798900000,0x00000007a4500000)
 ParOldGen       total 393216K, used 21522K [0x00000006c0e00000, 0x00000006d8e00000, 0x000000076af80000)
  object space 393216K, 5% used [0x00000006c0e00000,0x00000006c2304b48,0x00000006d8e00000)
 Metaspace       used 20488K, capacity 20811K, committed 21120K, reserved 1069056K
  class space    used 2286K, capacity 2371K, committed 2432K, reserved 1048576K
GC Heap History (10 events):
Event: 7.337 GC heap before
{Heap before GC invocations=9 (full 1):
 PSYoungGen      total 484864K, used 15335K [0x000000076af80000, 0x0000000792f80000, 0x00000007c0000000)
  eden space 469504K, 0% used [0x000000076af80000,0x000000076af80000,0x0000000787a00000)
  from space 15360K, 99% used [0x000000078bb80000,0x000000078ca79de0,0x000000078ca80000)
  to   space 67072K, 0% used [0x0000000787a00000,0x0000000787a00000,0x000000078bb80000)
 ParOldGen       total 175104K, used 156298K [0x00000006c0e00000, 0x00000006cb900000, 0x000000076af80000)
  object space 175104K, 89% used [0x00000006c0e00000,0x00000006ca6a2af8,0x00000006cb900000)
 Metaspace       used 19483K, capacity 19755K, committed 20096K, reserved 1067008K
  class space    used 2259K, capacity 2339K, committed 2432K, reserved 1048576K
Event: 7.438 GC heap after
Heap after GC invocations=9 (full 1):
 PSYoungGen      total 484864K, used 0K [0x000000076af80000, 0x0000000792f80000, 0x00000007c0000000)
  eden space 469504K, 0% used [0x000000076af80000,0x000000076af80000,0x0000000787a00000)
  from space 15360K, 0% used [0x000000078bb80000,0x000000078bb80000,0x000000078ca80000)
  to   space 67072K, 0% used [0x0000000787a00000,0x0000000787a00000,0x000000078bb80000)
 ParOldGen       total 322048K, used 160842K [0x00000006c0e00000, 0x00000006d4880000, 0x000000076af80000)
  object space 322048K, 49% used [0x00000006c0e00000,0x00000006cab12828,0x00000006d4880000)
 Metaspace       used 19483K, capacity 19755K, committed 20096K, reserved 1067008K
  class space    used 2259K, capacity 2339K, committed 2432K, reserved 1048576K
}
Event: 7.521 GC heap before
{Heap before GC invocations=10 (full 1):
 PSYoungGen      total 484864K, used 469504K [0x000000076af80000, 0x0000000792f80000, 0x00000007c0000000)
  eden space 469504K, 100% used [0x000000076af80000,0x0000000787a00000,0x0000000787a00000)
  from space 15360K, 0% used [0x000000078bb80000,0x000000078bb80000,0x000000078ca80000)
  to   space 67072K, 0% used [0x0000000787a00000,0x0000000787a00000,0x000000078bb80000)
 ParOldGen       total 322048K, used 160842K [0x00000006c0e00000, 0x00000006d4880000, 0x000000076af80000)
  object space 322048K, 49% used [0x00000006c0e00000,0x00000006cab12828,0x00000006d4880000)
 Metaspace       used 19483K, capacity 19755K, committed 20096K, reserved 1067008K
  class space    used 2259K, capacity 2339K, committed 2432K, reserved 1048576K
Event: 7.853 GC heap after
Heap after GC invocations=10 (full 1):
 PSYoungGen      total 484864K, used 469504K [0x000000076af80000, 0x0000000792f80000, 0x00000007c0000000)
  eden space 469504K, 100% used [0x000000076af80000,0x0000000787a00000,0x0000000787a00000)
  from space 15360K, 0% used [0x000000078bb80000,0x000000078bb80000,0x000000078ca80000)
  to   space 67072K, 100% used [0x0000000787a00000,0x000000078bb80000,0x000000078bb80000)
 ParOldGen       total 563200K, used 562842K [0x00000006c0e00000, 0x00000006e3400000, 0x000000076af80000)
  object space 563200K, 99% used [0x00000006c0e00000,0x00000006e33a6828,0x00000006e3400000)
 Metaspace       used 19483K, capacity 19755K, committed 20096K, reserved 1067008K
  class space    used 2259K, capacity 2339K, committed 2432K, reserved 1048576K
}
Event: 7.853 GC heap before
{Heap before GC invocations=11 (full 2):
 PSYoungGen      total 484864K, used 469504K [0x000000076af80000, 0x0000000792f80000, 0x00000007c0000000)
  eden space 469504K, 100% used [0x000000076af80000,0x0000000787a00000,0x0000000787a00000)
  from space 15360K, 0% used [0x000000078bb80000,0x000000078bb80000,0x000000078ca80000)
  to   space 67072K, 100% used [0x0000000787a00000,0x000000078bb80000,0x000000078bb80000)
 ParOldGen       total 563200K, used 562842K [0x00000006c0e00000, 0x00000006e3400000, 0x000000076af80000)
  object space 563200K, 99% used [0x00000006c0e00000,0x00000006e33a6828,0x00000006e3400000)
 Metaspace       used 19483K, capacity 19755K, committed 20096K, reserved 1067008K
  class space    used 2259K, capacity 2339K, committed 2432K, reserved 1048576K
Event: 8.527 GC heap after
Heap after GC invocations=11 (full 2):
 PSYoungGen      total 484864K, used 67181K [0x000000076af80000, 0x0000000792f80000, 0x00000007c0000000)
  eden space 469504K, 14% used [0x000000076af80000,0x000000076f11b440,0x0000000787a00000)
  from space 15360K, 0% used [0x000000078bb80000,0x000000078bb80000,0x000000078ca80000)
  to   space 67072K, 0% used [0x0000000787a00000,0x0000000787a00000,0x000000078bb80000)
 ParOldGen       total 781824K, used 563161K [0x00000006c0e00000, 0x00000006f0980000, 0x000000076af80000)
  object space 781824K, 72% used [0x00000006c0e00000,0x00000006e33f6688,0x00000006f0980000)
 Metaspace       used 19483K, capacity 19755K, committed 20096K, reserved 1067008K
  class space    used 2259K, capacity 2339K, committed 2432K, reserved 1048576K
}
Event: 53.091 GC heap before
{Heap before GC invocations=12 (full 2):
 PSYoungGen      total 484864K, used 469504K [0x000000076af80000, 0x0000000792f80000, 0x00000007c0000000)
  eden space 469504K, 100% used [0x000000076af80000,0x0000000787a00000,0x0000000787a00000)
  from space 15360K, 0% used [0x000000078bb80000,0x000000078bb80000,0x000000078ca80000)
  to   space 67072K, 0% used [0x0000000787a00000,0x0000000787a00000,0x000000078bb80000)
 ParOldGen       total 781824K, used 563161K [0x00000006c0e00000, 0x00000006f0980000, 0x000000076af80000)
  object space 781824K, 72% used [0x00000006c0e00000,0x00000006e33f6688,0x00000006f0980000)
 Metaspace       used 20474K, capacity 20747K, committed 21120K, reserved 1069056K
  class space    used 2284K, capacity 2371K, committed 2432K, reserved 1048576K
Event: 53.258 GC heap after
Heap after GC invocations=12 (full 2):
 PSYoungGen      total 536576K, used 67040K [0x000000076af80000, 0x00000007a4500000, 0x00000007c0000000)
  eden space 469504K, 0% used [0x000000076af80000,0x000000076af80000,0x0000000787a00000)
  from space 67072K, 99% used [0x0000000787a00000,0x000000078bb780b8,0x000000078bb80000)
  to   space 192512K, 0% used [0x0000000798900000,0x0000000798900000,0x00000007a4500000)
 ParOldGen       total 842752K, used 842442K [0x00000006c0e00000, 0x00000006f4500000, 0x000000076af80000)
  object space 842752K, 99% used [0x00000006c0e00000,0x00000006f44b2be8,0x00000006f4500000)
 Metaspace       used 20474K, capacity 20747K, committed 21120K, reserved 1069056K
  class space    used 2284K, capacity 2371K, committed 2432K, reserved 1048576K
}
Event: 53.258 GC heap before
{Heap before GC invocations=13 (full 3):
 PSYoungGen      total 536576K, used 67040K [0x000000076af80000, 0x00000007a4500000, 0x00000007c0000000)
  eden space 469504K, 0% used [0x000000076af80000,0x000000076af80000,0x0000000787a00000)
  from space 67072K, 99% used [0x0000000787a00000,0x000000078bb780b8,0x000000078bb80000)
  to   space 192512K, 0% used [0x0000000798900000,0x0000000798900000,0x00000007a4500000)
 ParOldGen       total 842752K, used 842442K [0x00000006c0e00000, 0x00000006f4500000, 0x000000076af80000)
  object space 842752K, 99% used [0x00000006c0e00000,0x00000006f44b2be8,0x00000006f4500000)
 Metaspace       used 20474K, capacity 20747K, committed 21120K, reserved 1069056K
  class space    used 2284K, capacity 2371K, committed 2432K, reserved 1048576K
Event: 53.328 GC heap after
Heap after GC invocations=13 (full 3):
 PSYoungGen      total 536576K, used 0K [0x000000076af80000, 0x00000007a4500000, 0x00000007c0000000)
  eden space 469504K, 0% used [0x000000076af80000,0x000000076af80000,0x0000000787a00000)
  from space 67072K, 0% used [0x0000000787a00000,0x0000000787a00000,0x000000078bb80000)
  to   space 192512K, 0% used [0x0000000798900000,0x0000000798900000,0x00000007a4500000)
 ParOldGen       total 393216K, used 21522K [0x00000006c0e00000, 0x00000006d8e00000, 0x000000076af80000)
  object space 393216K, 5% used [0x00000006c0e00000,0x00000006c2304b48,0x00000006d8e00000)
 Metaspace       used 20474K, capacity 20747K, committed 21120K, reserved 1069056K
  class space    used 2284K, capacity 2371K, committed 2432K, reserved 1048576K
}

