# JRE version: Java(TM) SE Runtime Environment (8.0_111-b14) (build 1.8.0_111-b14)
# Java VM: Java HotSpot(TM) 64-Bit Server VM (25.111-b14 mixed mode windows-amd64 compressed oops)
Heap:
 PSYoungGen      total 529920K, used 9651K [0x000000076af80000, 0x00000007a7280000, 0x00000007c0000000)
  eden space 193024K, 5% used [0x000000076af80000,0x000000076b8ecef0,0x0000000776c00000)
  from space 336896K, 0% used [0x0000000776c00000,0x0000000776c00000,0x000000078b500000)
  to   space 371712K, 0% used [0x0000000790780000,0x0000000790780000,0x00000007a7280000)
 ParOldGen       total 342016K, used 16702K [0x00000006c0e00000, 0x00000006d5c00000, 0x000000076af80000)
  object space 342016K, 4% used [0x00000006c0e00000,0x00000006c1e4fba8,0x00000006d5c00000)
 Metaspace       used 20445K, capacity 20801K, committed 21120K, reserved 1069056K
  class space    used 2288K, capacity 2372K, committed 2432K, reserved 1048576K
GC Heap History (10 events):
Event: 6.553 GC heap before
{Heap before GC invocations=11 (full 2):
 PSYoungGen      total 335360K, used 335360K [0x000000076af80000, 0x000000078f680000, 0x00000007c0000000)
  eden space 167936K, 100% used [0x000000076af80000,0x0000000775380000,0x0000000775380000)
  from space 167424K, 100% used [0x0000000782b00000,0x000000078ce80000,0x000000078ce80000)
  to   space 214528K, 0% used [0x0000000775380000,0x0000000775380000,0x0000000782500000)
 ParOldGen       total 484352K, used 294985K [0x00000006c0e00000, 0x00000006de700000, 0x000000076af80000)
  object space 484352K, 60% used [0x00000006c0e00000,0x00000006d2e12528,0x00000006de700000)
 Metaspace       used 19356K, capacity 19675K, committed 20096K, reserved 1067008K
  class space    used 2255K, capacity 2339K, committed 2432K, reserved 1048576K
Event: 6.750 GC heap after
Heap after GC invocations=11 (full 2):
 PSYoungGen      total 382464K, used 214528K [0x000000076af80000, 0x000000079dd00000, 0x00000007c0000000)
  eden space 167936K, 0% used [0x000000076af80000,0x000000076af80000,0x0000000775380000)
  from space 214528K, 100% used [0x0000000775380000,0x0000000782500000,0x0000000782500000)
  to   space 303104K, 0% used [0x000000078b500000,0x000000078b500000,0x000000079dd00000)
 ParOldGen       total 484352K, used 416353K [0x00000006c0e00000, 0x00000006de700000, 0x000000076af80000)
  object space 484352K, 85% used [0x00000006c0e00000,0x00000006da498528,0x00000006de700000)
 Metaspace       used 19356K, capacity 19675K, committed 20096K, reserved 1067008K
  class space    used 2255K, capacity 2339K, committed 2432K, reserved 1048576K
}
Event: 6.750 GC heap before
{Heap before GC invocations=12 (full 3):
 PSYoungGen      total 382464K, used 214528K [0x000000076af80000, 0x000000079dd00000, 0x00000007c0000000)
  eden space 167936K, 0% used [0x000000076af80000,0x000000076af80000,0x0000000775380000)
  from space 214528K, 100% used [0x0000000775380000,0x0000000782500000,0x0000000782500000)
  to   space 303104K, 0% used [0x000000078b500000,0x000000078b500000,0x000000079dd00000)
 ParOldGen       total 484352K, used 416353K [0x00000006c0e00000, 0x00000006de700000, 0x000000076af80000)
  object space 484352K, 85% used [0x00000006c0e00000,0x00000006da498528,0x00000006de700000)
 Metaspace       used 19356K, capacity 19675K, committed 20096K, reserved 1067008K
  class space    used 2255K, capacity 2339K, committed 2432K, reserved 1048576K
Event: 7.216 GC heap after
Heap after GC invocations=12 (full 3):
 PSYoungGen      total 382464K, used 145777K [0x000000076af80000, 0x000000079dd00000, 0x00000007c0000000)
  eden space 167936K, 0% used [0x000000076af80000,0x000000076af80000,0x0000000775380000)
  from space 214528K, 67% used [0x0000000775380000,0x000000077e1dc600,0x0000000782500000)
  to   space 303104K, 0% used [0x000000078b500000,0x000000078b500000,0x000000079dd00000)
 ParOldGen       total 758784K, used 484270K [0x00000006c0e00000, 0x00000006ef300000, 0x000000076af80000)
  object space 758784K, 63% used [0x00000006c0e00000,0x00000006de6eb8c8,0x00000006ef300000)
 Metaspace       used 19356K, capacity 19675K, committed 20096K, reserved 1067008K
  class space    used 2255K, capacity 2339K, committed 2432K, reserved 1048576K
}
Event: 7.238 GC heap before
{Heap before GC invocations=13 (full 3):
 PSYoungGen      total 382464K, used 313713K [0x000000076af80000, 0x000000079dd00000, 0x00000007c0000000)
  eden space 167936K, 100% used [0x000000076af80000,0x0000000775380000,0x0000000775380000)
  from space 214528K, 67% used [0x0000000775380000,0x000000077e1dc600,0x0000000782500000)
  to   space 303104K, 0% used [0x000000078b500000,0x000000078b500000,0x000000079dd00000)
 ParOldGen       total 758784K, used 484270K [0x00000006c0e00000, 0x00000006ef300000, 0x000000076af80000)
  object space 758784K, 63% used [0x00000006c0e00000,0x00000006de6eb8c8,0x00000006ef300000)
 Metaspace       used 19356K, capacity 19675K, committed 20096K, reserved 1067008K
  class space    used 2255K, capacity 2339K, committed 2432K, reserved 1048576K
Event: 7.375 GC heap after
Heap after GC invocations=13 (full 3):
 PSYoungGen      total 496128K, used 250784K [0x000000076af80000, 0x00000007a1680000, 0x00000007c0000000)
  eden space 193024K, 0% used [0x000000076af80000,0x000000076af80000,0x0000000776c00000)
  from space 303104K, 82% used [0x000000078b500000,0x000000079a9e8000,0x000000079dd00000)
  to   space 336896K, 0% used [0x0000000776c00000,0x0000000776c00000,0x000000078b500000)
 ParOldGen       total 758784K, used 547758K [0x00000006c0e00000, 0x00000006ef300000, 0x000000076af80000)
  object space 758784K, 72% used [0x00000006c0e00000,0x00000006e24eb8c8,0x00000006ef300000)
 Metaspace       used 19356K, capacity 19675K, committed 20096K, reserved 1067008K
  class space    used 2255K, capacity 2339K, committed 2432K, reserved 1048576K
}
Event: 39.311 GC heap before
{Heap before GC invocations=14 (full 3):
 PSYoungGen      total 496128K, used 443808K [0x000000076af80000, 0x00000007a1680000, 0x00000007c0000000)
  eden space 193024K, 100% used [0x000000076af80000,0x0000000776c00000,0x0000000776c00000)
  from space 303104K, 82% used [0x000000078b500000,0x000000079a9e8000,0x000000079dd00000)
  to   space 336896K, 0% used [0x0000000776c00000,0x0000000776c00000,0x000000078b500000)
 ParOldGen       total 758784K, used 547758K [0x00000006c0e00000, 0x00000006ef300000, 0x000000076af80000)
  object space 758784K, 72% used [0x00000006c0e00000,0x00000006e24eb8c8,0x00000006ef300000)
 Metaspace       used 20432K, capacity 20737K, committed 21120K, reserved 1069056K
  class space    used 2286K, capacity 2372K, committed 2432K, reserved 1048576K
Event: 39.447 GC heap after
Heap after GC invocations=14 (full 3):
 PSYoungGen      total 529920K, used 273858K [0x000000076af80000, 0x00000007a7280000, 0x00000007c0000000)
  eden space 193024K, 0% used [0x000000076af80000,0x000000076af80000,0x0000000776c00000)
  from space 336896K, 81% used [0x0000000776c00000,0x00000007877708c0,0x000000078b500000)
  to   space 371712K, 0% used [0x0000000790780000,0x0000000790780000,0x00000007a7280000)
 ParOldGen       total 758784K, used 630646K [0x00000006c0e00000, 0x00000006ef300000, 0x000000076af80000)
  object space 758784K, 83% used [0x00000006c0e00000,0x00000006e75dd8c8,0x00000006ef300000)
 Metaspace       used 20432K, capacity 20737K, committed 21120K, reserved 1069056K
  class space    used 2286K, capacity 2372K, committed 2432K, reserved 1048576K
}
Event: 39.447 GC heap before
{Heap before GC invocations=15 (full 4):
 PSYoungGen      total 529920K, used 273858K [0x000000076af80000, 0x00000007a7280000, 0x00000007c0000000)
  eden space 193024K, 0% used [0x000000076af80000,0x000000076af80000,0x0000000776c00000)
  from space 336896K, 81% used [0x0000000776c00000,0x00000007877708c0,0x000000078b500000)
  to   space 371712K, 0% used [0x0000000790780000,0x0000000790780000,0x00000007a7280000)
 ParOldGen       total 758784K, used 630646K [0x00000006c0e00000, 0x00000006ef300000, 0x000000076af80000)
  object space 758784K, 83% used [0x00000006c0e00000,0x00000006e75dd8c8,0x00000006ef300000)
 Metaspace       used 20432K, capacity 20737K, committed 21120K, reserved 1069056K
  class space    used 2286K, capacity 2372K, committed 2432K, reserved 1048576K
Event: 39.501 GC heap after
Heap after GC invocations=15 (full 4):
 PSYoungGen      total 529920K, used 0K [0x000000076af80000, 0x00000007a7280000, 0x00000007c0000000)
  eden space 193024K, 0% used [0x000000076af80000,0x000000076af80000,0x0000000776c00000)
  from space 336896K, 0% used [0x0000000776c00000,0x0000000776c00000,0x000000078b500000)
  to   space 371712K, 0% used [0x0000000790780000,0x0000000790780000,0x00000007a7280000)
 ParOldGen       total 342016K, used 16702K [0x00000006c0e00000, 0x00000006d5c00000, 0x000000076af80000)
  object space 342016K, 4% used [0x00000006c0e00000,0x00000006c1e4fba8,0x00000006d5c00000)
 Metaspace       used 20432K, capacity 20737K, committed 21120K, reserved 1069056K
  class space    used 2286K, capacity 2372K, committed 2432K, reserved 1048576K
}

